running develop
running egg_info
creating xarm_ros2_client_py_pkg.egg-info
writing xarm_ros2_client_py_pkg.egg-info/PKG-INFO
writing dependency_links to xarm_ros2_client_py_pkg.egg-info/dependency_links.txt
writing entry points to xarm_ros2_client_py_pkg.egg-info/entry_points.txt
writing requirements to xarm_ros2_client_py_pkg.egg-info/requires.txt
writing top-level names to xarm_ros2_client_py_pkg.egg-info/top_level.txt
writing manifest file 'xarm_ros2_client_py_pkg.egg-info/SOURCES.txt'
reading manifest file 'xarm_ros2_client_py_pkg.egg-info/SOURCES.txt'
writing manifest file 'xarm_ros2_client_py_pkg.egg-info/SOURCES.txt'
running build_ext
Creating /home/snortman/ros2_ws/src/xarm_ros2_client_py_pkg/install/xarm_ros2_client_py_pkg/lib/python3.8/site-packages/site.py
Creating /home/snortman/ros2_ws/src/xarm_ros2_client_py_pkg/install/xarm_ros2_client_py_pkg/lib/python3.8/site-packages/xarm-ros2-client-py-pkg.egg-link (link to .)
Installing xarm_ros2_client_py script to /home/snortman/ros2_ws/src/xarm_ros2_client_py_pkg/install/xarm_ros2_client_py_pkg/lib/xarm_ros2_client_py_pkg

Installed /home/snortman/ros2_ws/src/xarm_ros2_client_py_pkg/build/xarm_ros2_client_py_pkg
running install_data
creating /home/snortman/ros2_ws/src/xarm_ros2_client_py_pkg/install/xarm_ros2_client_py_pkg/share/ament_index
creating /home/snortman/ros2_ws/src/xarm_ros2_client_py_pkg/install/xarm_ros2_client_py_pkg/share/ament_index/resource_index
creating /home/snortman/ros2_ws/src/xarm_ros2_client_py_pkg/install/xarm_ros2_client_py_pkg/share/ament_index/resource_index/packages
copying resource/xarm_ros2_client_py_pkg -> /home/snortman/ros2_ws/src/xarm_ros2_client_py_pkg/install/xarm_ros2_client_py_pkg/share/ament_index/resource_index/packages
copying package.xml -> /home/snortman/ros2_ws/src/xarm_ros2_client_py_pkg/install/xarm_ros2_client_py_pkg/share/xarm_ros2_client_py_pkg
