[0.324s] DEBUG:colcon:Command line arguments: ['/usr/bin/colcon', 'build', '--packages-select', 'xarm_ros2_client_py_pkg', '--symlink-install']
[0.324s] DEBUG:colcon:Parsed command line arguments: Namespace(ament_cmake_args=None, base_paths=['.'], build_base='build', catkin_cmake_args=None, catkin_skip_building_tests=False, cmake_args=None, cmake_clean_cache=False, cmake_clean_first=False, cmake_force_configure=False, cmake_target=None, cmake_target_skip_unavailable=False, continue_on_error=False, event_handlers=None, executor='parallel', ignore_user_meta=False, install_base='install', log_base=None, log_level=None, main=<bound method BuildVerb.main of <colcon_core.verb.build.BuildVerb object at 0x7f73633fa970>>, merge_install=False, metas=['./colcon.meta'], packages_above=None, packages_above_and_dependencies=None, packages_above_depth=None, packages_end=None, packages_ignore=None, packages_ignore_regex=None, packages_select=['xarm_ros2_client_py_pkg'], packages_select_build_failed=False, packages_select_by_dep=None, packages_select_regex=None, packages_select_test_failures=False, packages_skip=None, packages_skip_build_finished=False, packages_skip_by_dep=None, packages_skip_regex=None, packages_skip_test_passed=False, packages_skip_up_to=None, packages_start=None, packages_up_to=None, packages_up_to_regex=None, parallel_workers=16, paths=None, symlink_install=True, test_result_base=None, verb_extension=<colcon_core.verb.build.BuildVerb object at 0x7f73633fa970>, verb_name='build', verb_parser=<colcon_defaults.argument_parser.defaults.DefaultArgumentsDecorator object at 0x7f73633faee0>)
[0.331s] Level 1:colcon.colcon_core.package_discovery:discover_packages(colcon_meta) check parameters
[0.331s] Level 1:colcon.colcon_core.package_discovery:discover_packages(recursive) check parameters
[0.331s] Level 1:colcon.colcon_core.package_discovery:discover_packages(ignore) check parameters
[0.331s] Level 1:colcon.colcon_core.package_discovery:discover_packages(path) check parameters
[0.331s] Level 1:colcon.colcon_core.package_discovery:discover_packages(colcon_meta) discover
[0.332s] Level 1:colcon.colcon_core.package_discovery:discover_packages(recursive) discover
[0.332s] INFO:colcon.colcon_core.package_discovery:Crawling recursively for packages in '/home/snortman/ros2_ws/src/xarm_ros2_client_py_pkg'
[0.332s] Level 1:colcon.colcon_core.package_identification:_identify(.) by extensions ['ignore', 'ignore_ament_install']
[0.332s] Level 1:colcon.colcon_core.package_identification:_identify(.) by extension 'ignore'
[0.332s] Level 1:colcon.colcon_core.package_identification:_identify(.) by extension 'ignore_ament_install'
[0.332s] Level 1:colcon.colcon_core.package_identification:_identify(.) by extensions ['colcon_pkg']
[0.332s] Level 1:colcon.colcon_core.package_identification:_identify(.) by extension 'colcon_pkg'
[0.332s] Level 1:colcon.colcon_core.package_identification:_identify(.) by extensions ['colcon_meta']
[0.332s] Level 1:colcon.colcon_core.package_identification:_identify(.) by extension 'colcon_meta'
[0.332s] Level 1:colcon.colcon_core.package_identification:_identify(.) by extensions ['ros']
[0.332s] Level 1:colcon.colcon_core.package_identification:_identify(.) by extension 'ros'
[0.345s] DEBUG:colcon.colcon_core.package_identification:Package '.' with type 'ros.ament_python' and name 'xarm_ros2_client_py_pkg'
[0.345s] Level 1:colcon.colcon_core.package_discovery:discover_packages(recursive) using defaults
[0.345s] Level 1:colcon.colcon_core.package_discovery:discover_packages(ignore) discover
[0.345s] Level 1:colcon.colcon_core.package_discovery:discover_packages(ignore) using defaults
[0.345s] Level 1:colcon.colcon_core.package_discovery:discover_packages(path) discover
[0.345s] Level 1:colcon.colcon_core.package_discovery:discover_packages(path) using defaults
[0.366s] Level 5:colcon.colcon_core.verb:set package 'xarm_ros2_client_py_pkg' build argument 'cmake_args' from command line to 'None'
[0.366s] Level 5:colcon.colcon_core.verb:set package 'xarm_ros2_client_py_pkg' build argument 'cmake_target' from command line to 'None'
[0.366s] Level 5:colcon.colcon_core.verb:set package 'xarm_ros2_client_py_pkg' build argument 'cmake_target_skip_unavailable' from command line to 'False'
[0.366s] Level 5:colcon.colcon_core.verb:set package 'xarm_ros2_client_py_pkg' build argument 'cmake_clean_cache' from command line to 'False'
[0.366s] Level 5:colcon.colcon_core.verb:set package 'xarm_ros2_client_py_pkg' build argument 'cmake_clean_first' from command line to 'False'
[0.366s] Level 5:colcon.colcon_core.verb:set package 'xarm_ros2_client_py_pkg' build argument 'cmake_force_configure' from command line to 'False'
[0.366s] Level 5:colcon.colcon_core.verb:set package 'xarm_ros2_client_py_pkg' build argument 'ament_cmake_args' from command line to 'None'
[0.366s] Level 5:colcon.colcon_core.verb:set package 'xarm_ros2_client_py_pkg' build argument 'catkin_cmake_args' from command line to 'None'
[0.366s] Level 5:colcon.colcon_core.verb:set package 'xarm_ros2_client_py_pkg' build argument 'catkin_skip_building_tests' from command line to 'False'
[0.366s] DEBUG:colcon.colcon_core.verb:Building package 'xarm_ros2_client_py_pkg' with the following arguments: {'ament_cmake_args': None, 'build_base': '/home/snortman/ros2_ws/src/xarm_ros2_client_py_pkg/build/xarm_ros2_client_py_pkg', 'catkin_cmake_args': None, 'catkin_skip_building_tests': False, 'cmake_args': None, 'cmake_clean_cache': False, 'cmake_clean_first': False, 'cmake_force_configure': False, 'cmake_target': None, 'cmake_target_skip_unavailable': False, 'install_base': '/home/snortman/ros2_ws/src/xarm_ros2_client_py_pkg/install/xarm_ros2_client_py_pkg', 'merge_install': False, 'path': '/home/snortman/ros2_ws/src/xarm_ros2_client_py_pkg', 'symlink_install': True, 'test_result_base': None}
[0.366s] INFO:colcon.colcon_core.executor:Executing jobs using 'parallel' executor
[0.368s] DEBUG:colcon.colcon_parallel_executor.executor.parallel:run_until_complete
[0.368s] INFO:colcon.colcon_ros.task.ament_python.build:Building ROS package in '/home/snortman/ros2_ws/src/xarm_ros2_client_py_pkg' with build type 'ament_python'
[0.368s] Level 1:colcon.colcon_core.shell:create_environment_hook('xarm_ros2_client_py_pkg', 'ament_prefix_path')
[0.371s] INFO:colcon.colcon_core.plugin_system:Skipping extension 'colcon_core.shell.bat': Not used on non-Windows systems
[0.371s] INFO:colcon.colcon_core.shell:Creating environment hook '/home/snortman/ros2_ws/src/xarm_ros2_client_py_pkg/install/xarm_ros2_client_py_pkg/share/xarm_ros2_client_py_pkg/hook/ament_prefix_path.ps1'
[0.371s] INFO:colcon.colcon_core.shell:Creating environment descriptor '/home/snortman/ros2_ws/src/xarm_ros2_client_py_pkg/install/xarm_ros2_client_py_pkg/share/xarm_ros2_client_py_pkg/hook/ament_prefix_path.dsv'
[0.372s] INFO:colcon.colcon_core.shell:Creating environment hook '/home/snortman/ros2_ws/src/xarm_ros2_client_py_pkg/install/xarm_ros2_client_py_pkg/share/xarm_ros2_client_py_pkg/hook/ament_prefix_path.sh'
[0.372s] INFO:colcon.colcon_core.shell:Skip shell extension 'powershell' for command environment: Not usable outside of PowerShell
[0.372s] DEBUG:colcon.colcon_core.shell:Skip shell extension 'dsv' for command environment
[0.380s] DEBUG:colcon.colcon_core.shell:Ignoring prefix path '/opt/ros/foxy'
[0.675s] INFO:colcon.colcon_core.task.python.build:Building Python package in '/home/snortman/ros2_ws/src/xarm_ros2_client_py_pkg'
[0.676s] INFO:colcon.colcon_core.shell:Skip shell extension 'powershell' for command environment: Not usable outside of PowerShell
[0.676s] DEBUG:colcon.colcon_core.shell:Skip shell extension 'dsv' for command environment
[0.683s] DEBUG:colcon.colcon_core.shell:Ignoring prefix path '/opt/ros/foxy'
[0.688s] DEBUG:colcon.colcon_core.event_handler.log_command:Invoking command in '/home/snortman/ros2_ws/src/xarm_ros2_client_py_pkg/build/xarm_ros2_client_py_pkg': PYTHONPATH=/home/snortman/ros2_ws/src/xarm_ros2_client_py_pkg/install/xarm_ros2_client_py_pkg/lib/python3.8/site-packages:${PYTHONPATH} /usr/bin/python3 setup.py develop --prefix /home/snortman/ros2_ws/src/xarm_ros2_client_py_pkg/install/xarm_ros2_client_py_pkg --editable --build-directory /home/snortman/ros2_ws/src/xarm_ros2_client_py_pkg/build/xarm_ros2_client_py_pkg/build --no-deps install_data --install-dir /home/snortman/ros2_ws/src/xarm_ros2_client_py_pkg/install/xarm_ros2_client_py_pkg
[1.123s] Level 1:colcon.colcon_core.shell:create_environment_hook('xarm_ros2_client_py_pkg', 'pythonpath_develop')
[1.124s] INFO:colcon.colcon_core.shell:Creating environment hook '/home/snortman/ros2_ws/src/xarm_ros2_client_py_pkg/build/xarm_ros2_client_py_pkg/share/xarm_ros2_client_py_pkg/hook/pythonpath_develop.ps1'
[1.124s] DEBUG:colcon.colcon_core.event_handler.log_command:Invoked command in '/home/snortman/ros2_ws/src/xarm_ros2_client_py_pkg/build/xarm_ros2_client_py_pkg' returned '0': PYTHONPATH=/home/snortman/ros2_ws/src/xarm_ros2_client_py_pkg/install/xarm_ros2_client_py_pkg/lib/python3.8/site-packages:${PYTHONPATH} /usr/bin/python3 setup.py develop --prefix /home/snortman/ros2_ws/src/xarm_ros2_client_py_pkg/install/xarm_ros2_client_py_pkg --editable --build-directory /home/snortman/ros2_ws/src/xarm_ros2_client_py_pkg/build/xarm_ros2_client_py_pkg/build --no-deps install_data --install-dir /home/snortman/ros2_ws/src/xarm_ros2_client_py_pkg/install/xarm_ros2_client_py_pkg
[1.124s] INFO:colcon.colcon_core.shell:Creating environment descriptor '/home/snortman/ros2_ws/src/xarm_ros2_client_py_pkg/build/xarm_ros2_client_py_pkg/share/xarm_ros2_client_py_pkg/hook/pythonpath_develop.dsv'
[1.125s] INFO:colcon.colcon_core.shell:Creating environment hook '/home/snortman/ros2_ws/src/xarm_ros2_client_py_pkg/build/xarm_ros2_client_py_pkg/share/xarm_ros2_client_py_pkg/hook/pythonpath_develop.sh'
[1.130s] Level 1:colcon.colcon_core.environment:checking '/home/snortman/ros2_ws/src/xarm_ros2_client_py_pkg/install/xarm_ros2_client_py_pkg' for CMake module files
[1.130s] Level 1:colcon.colcon_core.environment:checking '/home/snortman/ros2_ws/src/xarm_ros2_client_py_pkg/install/xarm_ros2_client_py_pkg' for CMake config files
[1.131s] Level 1:colcon.colcon_core.environment:checking '/home/snortman/ros2_ws/src/xarm_ros2_client_py_pkg/install/xarm_ros2_client_py_pkg/lib'
[1.131s] Level 1:colcon.colcon_core.environment:checking '/home/snortman/ros2_ws/src/xarm_ros2_client_py_pkg/install/xarm_ros2_client_py_pkg/bin'
[1.131s] Level 1:colcon.colcon_core.environment:checking '/home/snortman/ros2_ws/src/xarm_ros2_client_py_pkg/install/xarm_ros2_client_py_pkg/lib/pkgconfig/xarm_ros2_client_py_pkg.pc'
[1.131s] Level 1:colcon.colcon_core.environment:checking '/home/snortman/ros2_ws/src/xarm_ros2_client_py_pkg/install/xarm_ros2_client_py_pkg/lib/python3.8/site-packages'
[1.131s] Level 1:colcon.colcon_core.shell:create_environment_hook('xarm_ros2_client_py_pkg', 'pythonpath')
[1.132s] INFO:colcon.colcon_core.shell:Creating environment hook '/home/snortman/ros2_ws/src/xarm_ros2_client_py_pkg/install/xarm_ros2_client_py_pkg/share/xarm_ros2_client_py_pkg/hook/pythonpath.ps1'
[1.132s] INFO:colcon.colcon_core.shell:Creating environment descriptor '/home/snortman/ros2_ws/src/xarm_ros2_client_py_pkg/install/xarm_ros2_client_py_pkg/share/xarm_ros2_client_py_pkg/hook/pythonpath.dsv'
[1.132s] INFO:colcon.colcon_core.shell:Creating environment hook '/home/snortman/ros2_ws/src/xarm_ros2_client_py_pkg/install/xarm_ros2_client_py_pkg/share/xarm_ros2_client_py_pkg/hook/pythonpath.sh'
[1.133s] Level 1:colcon.colcon_core.environment:create_environment_scripts_only(xarm_ros2_client_py_pkg)
[1.133s] INFO:colcon.colcon_core.shell:Creating package script '/home/snortman/ros2_ws/src/xarm_ros2_client_py_pkg/install/xarm_ros2_client_py_pkg/share/xarm_ros2_client_py_pkg/package.ps1'
[1.134s] INFO:colcon.colcon_core.shell:Creating package descriptor '/home/snortman/ros2_ws/src/xarm_ros2_client_py_pkg/install/xarm_ros2_client_py_pkg/share/xarm_ros2_client_py_pkg/package.dsv'
[1.135s] INFO:colcon.colcon_core.shell:Creating package script '/home/snortman/ros2_ws/src/xarm_ros2_client_py_pkg/install/xarm_ros2_client_py_pkg/share/xarm_ros2_client_py_pkg/package.sh'
[1.135s] INFO:colcon.colcon_core.shell:Creating package script '/home/snortman/ros2_ws/src/xarm_ros2_client_py_pkg/install/xarm_ros2_client_py_pkg/share/xarm_ros2_client_py_pkg/package.bash'
[1.136s] INFO:colcon.colcon_core.shell:Creating package script '/home/snortman/ros2_ws/src/xarm_ros2_client_py_pkg/install/xarm_ros2_client_py_pkg/share/xarm_ros2_client_py_pkg/package.zsh'
[1.136s] Level 1:colcon.colcon_core.environment:create_file_with_runtime_dependencies(/home/snortman/ros2_ws/src/xarm_ros2_client_py_pkg/install/xarm_ros2_client_py_pkg/share/colcon-core/packages/xarm_ros2_client_py_pkg)
[1.137s] DEBUG:colcon.colcon_parallel_executor.executor.parallel:closing loop
[1.137s] DEBUG:colcon.colcon_parallel_executor.executor.parallel:loop closed
[1.137s] DEBUG:colcon.colcon_parallel_executor.executor.parallel:run_until_complete finished with '0'
[1.137s] DEBUG:colcon.colcon_core.event_reactor:joining thread
[1.142s] INFO:colcon.colcon_core.plugin_system:Skipping extension 'colcon_notification.desktop_notification.terminal_notifier': Not used on non-Darwin systems
[1.142s] INFO:colcon.colcon_core.plugin_system:Skipping extension 'colcon_notification.desktop_notification.win32': Not used on non-Windows systems
[1.142s] INFO:colcon.colcon_notification.desktop_notification:Sending desktop notification using 'notify2'
[1.153s] DEBUG:colcon.colcon_core.event_reactor:joined thread
[1.153s] INFO:colcon.colcon_core.shell:Creating prefix script '/home/snortman/ros2_ws/src/xarm_ros2_client_py_pkg/install/local_setup.ps1'
[1.154s] INFO:colcon.colcon_core.shell:Creating prefix util module '/home/snortman/ros2_ws/src/xarm_ros2_client_py_pkg/install/_local_setup_util_ps1.py'
[1.155s] INFO:colcon.colcon_core.shell:Creating prefix chain script '/home/snortman/ros2_ws/src/xarm_ros2_client_py_pkg/install/setup.ps1'
[1.160s] INFO:colcon.colcon_core.shell:Creating prefix script '/home/snortman/ros2_ws/src/xarm_ros2_client_py_pkg/install/local_setup.sh'
[1.160s] INFO:colcon.colcon_core.shell:Creating prefix util module '/home/snortman/ros2_ws/src/xarm_ros2_client_py_pkg/install/_local_setup_util_sh.py'
[1.160s] INFO:colcon.colcon_core.shell:Creating prefix chain script '/home/snortman/ros2_ws/src/xarm_ros2_client_py_pkg/install/setup.sh'
[1.165s] INFO:colcon.colcon_core.shell:Creating prefix script '/home/snortman/ros2_ws/src/xarm_ros2_client_py_pkg/install/local_setup.bash'
[1.166s] INFO:colcon.colcon_core.shell:Creating prefix chain script '/home/snortman/ros2_ws/src/xarm_ros2_client_py_pkg/install/setup.bash'
[1.169s] INFO:colcon.colcon_core.shell:Creating prefix script '/home/snortman/ros2_ws/src/xarm_ros2_client_py_pkg/install/local_setup.zsh'
[1.169s] INFO:colcon.colcon_core.shell:Creating prefix chain script '/home/snortman/ros2_ws/src/xarm_ros2_client_py_pkg/install/setup.zsh'
